[INFO] Scanning for projects...
[INFO] 
[INFO] ----------------------< com.example:Task-Helper >-----------------------
[INFO] Building Task-Helper 0.0.1-SNAPSHOT
[INFO]   from pom.xml
[INFO] --------------------------------[ jar ]---------------------------------
[INFO] 
[INFO] --- clean:3.5.0:clean (default-clean) @ Task-Helper ---
[INFO] Deleting d:\IDEA\Task-Helper\target
[INFO] 
[INFO] --- resources:3.3.1:resources (default-resources) @ Task-Helper ---
[INFO] Copying 1 resource from src\main\resources to target\classes
[INFO] Copying 3 resources from src\main\resources to target\classes
[INFO] 
[INFO] --- compiler:3.14.1:compile (default-compile) @ Task-Helper ---
[INFO] Recompiling the module because of changed source code.
[INFO] Compiling 5 source files with javac [debug parameters release 17] to target\classes
[INFO] 
[INFO] --- resources:3.3.1:testResources (default-testResources) @ Task-Helper ---
[INFO] skip non existing resourceDirectory d:\IDEA\Task-Helper\src\test\resources
[INFO] 
[INFO] --- compiler:3.14.1:testCompile (default-testCompile) @ Task-Helper ---
[INFO] Recompiling the module because of changed dependency.
[INFO] Compiling 1 source file with javac [debug parameters release 17] to target\test-classes
[INFO] 
[INFO] --- surefire:3.5.5:test (default-test) @ Task-Helper ---
[INFO] Tests are skipped.
[INFO] 
[INFO] --- jar:3.4.2:jar (default-jar) @ Task-Helper ---
[INFO] Building jar: d:\IDEA\Task-Helper\target\Task-Helper-0.0.1-SNAPSHOT.jar
[INFO] 
[INFO] --- spring-boot:4.0.5:repackage (repackage) @ Task-Helper ---
[INFO] Replacing main artifact d:\IDEA\Task-Helper\target\Task-Helper-0.0.1-SNAPSHOT.jar with repackaged archive, adding nested dependencies in BOOT-INF/.
[INFO] The original artifact has been renamed to d:\IDEA\Task-Helper\target\Task-Helper-0.0.1-SNAPSHOT.jar.original
[INFO] ------------------------------------------------------------------------
[INFO] BUILD SUCCESS
[INFO] ------------------------------------------------------------------------
[INFO] Total time:  2.598 s
[INFO] Finished at: 2026-04-23T19:25:04+08:00
[INFO] ------------------------------------------------------------------------
